<?xml version="1.0" encoding="UTF-8"?>
<coverage generated="1698151624136" clover="3.2.0">
  <project timestamp="1698151624136" name="All files">
    <metrics statements="35" coveredstatements="35" conditionals="10" coveredconditionals="10" methods="8" coveredmethods="8" elements="53" coveredelements="53" complexity="0" loc="35" ncloc="35" packages="1" files="1" classes="1"/>
    <file name="params-schema.ts" path="/Users/midlik/Workspace/MolViewSpec/mol-view-spec/frontend/src/app-model/mvs-extension/tree/generic/params-schema.ts">
      <metrics statements="35" coveredstatements="35" conditionals="10" coveredconditionals="10" methods="8" coveredmethods="8"/>
      <line num="7" count="1" type="stmt"/>
      <line num="8" count="1" type="stmt"/>
      <line num="13" count="1" type="stmt"/>
      <line num="14" count="1" type="stmt"/>
      <line num="15" count="1" type="stmt"/>
      <line num="16" count="1" type="stmt"/>
      <line num="17" count="1" type="stmt"/>
      <line num="18" count="1" type="stmt"/>
      <line num="19" count="1" type="stmt"/>
      <line num="21" count="8" type="stmt"/>
      <line num="22" count="4" type="stmt"/>
      <line num="24" count="1" type="stmt"/>
      <line num="25" count="1" type="stmt"/>
      <line num="45" count="1" type="stmt"/>
      <line num="46" count="8" type="stmt"/>
      <line num="48" count="1" type="stmt"/>
      <line num="49" count="2" type="stmt"/>
      <line num="73" count="1" type="stmt"/>
      <line num="74" count="81" type="stmt"/>
      <line num="75" count="81" type="cond" truecount="2" falsecount="0"/>
      <line num="76" count="58" type="stmt"/>
      <line num="78" count="23" type="stmt"/>
      <line num="87" count="18" type="cond" truecount="1" falsecount="0"/>
      <line num="89" count="17" type="stmt"/>
      <line num="90" count="56" type="stmt"/>
      <line num="91" count="56" type="cond" truecount="2" falsecount="0"/>
      <line num="92" count="41" type="stmt"/>
      <line num="93" count="41" type="stmt"/>
      <line num="94" count="41" type="cond" truecount="1" falsecount="0"/>
      <line num="96" count="15" type="cond" truecount="1" falsecount="0"/>
      <line num="97" count="13" type="cond" truecount="1" falsecount="0"/>
      <line num="100" count="9" type="cond" truecount="1" falsecount="0"/>
      <line num="101" count="7" type="stmt"/>
      <line num="102" count="24" type="cond" truecount="1" falsecount="0"/>
      <line num="105" count="7" type="stmt"/>
    </file>
  </project>
</coverage>
