{"/Users/midlik/Workspace/MolViewSpec/mol-view-spec/frontend/src/app-model/mvs-extension/tree/generic/params-schema.ts": {"path":"/Users/midlik/Workspace/MolViewSpec/mol-view-spec/frontend/src/app-model/mvs-extension/tree/generic/params-schema.ts","statementMap":{"0":{"start":{"line":7,"column":0},"end":{"line":7,"column":27}},"1":{"start":{"line":8,"column":0},"end":{"line":8,"column":50}},"2":{"start":{"line":13,"column":13},"end":{"line":13,"column":28}},"3":{"start":{"line":14,"column":13},"end":{"line":14,"column":29}},"4":{"start":{"line":15,"column":13},"end":{"line":15,"column":30}},"5":{"start":{"line":16,"column":13},"end":{"line":16,"column":30}},"6":{"start":{"line":17,"column":13},"end":{"line":17,"column":29}},"7":{"start":{"line":18,"column":13},"end":{"line":18,"column":28}},"8":{"start":{"line":19,"column":13},"end":{"line":19,"column":29}},"9":{"start":{"line":21,"column":74},"end":{"line":21,"column":88}},"10":{"start":{"line":22,"column":4},"end":{"line":22,"column":83}},"11":{"start":{"line":22,"column":67},"end":{"line":22,"column":80}},"12":{"start":{"line":21,"column":0},"end":{"line":21,"column":16}},"13":{"start":{"line":25,"column":4},"end":{"line":25,"column":33}},"14":{"start":{"line":24,"column":0},"end":{"line":24,"column":16}},"15":{"start":{"line":46,"column":4},"end":{"line":46,"column":49}},"16":{"start":{"line":45,"column":0},"end":{"line":45,"column":16}},"17":{"start":{"line":49,"column":4},"end":{"line":49,"column":50}},"18":{"start":{"line":48,"column":0},"end":{"line":48,"column":16}},"19":{"start":{"line":74,"column":23},"end":{"line":74,"column":47}},"20":{"start":{"line":75,"column":4},"end":{"line":79,"column":null}},"21":{"start":{"line":76,"column":8},"end":{"line":76,"column":54}},"22":{"start":{"line":78,"column":8},"end":{"line":78,"column":76}},"23":{"start":{"line":73,"column":0},"end":{"line":73,"column":16}},"24":{"start":{"line":87,"column":117},"end":{"line":87,"column":null}},"25":{"start":{"line":89,"column":4},"end":{"line":99,"column":null}},"26":{"start":{"line":90,"column":25},"end":{"line":90,"column":36}},"27":{"start":{"line":91,"column":8},"end":{"line":98,"column":null}},"28":{"start":{"line":92,"column":26},"end":{"line":92,"column":37}},"29":{"start":{"line":93,"column":27},"end":{"line":93,"column":65}},"30":{"start":{"line":94,"column":12},"end":{"line":94,"column":102}},"31":{"start":{"line":94,"column":24},"end":{"line":94,"column":102}},"32":{"start":{"line":94,"column":91},"end":{"line":94,"column":100}},"33":{"start":{"line":96,"column":12},"end":{"line":96,"column":83}},"34":{"start":{"line":96,"column":35},"end":{"line":96,"column":83}},"35":{"start":{"line":97,"column":12},"end":{"line":97,"column":84}},"36":{"start":{"line":97,"column":36},"end":{"line":97,"column":84}},"37":{"start":{"line":100,"column":4},"end":{"line":104,"column":null}},"38":{"start":{"line":101,"column":8},"end":{"line":103,"column":null}},"39":{"start":{"line":102,"column":12},"end":{"line":102,"column":84}},"40":{"start":{"line":102,"column":45},"end":{"line":102,"column":84}},"41":{"start":{"line":105,"column":4},"end":{"line":105,"column":21}},"42":{"start":{"line":87,"column":0},"end":{"line":87,"column":16}}},"fnMap":{"0":{"name":"choice","decl":{"start":{"line":21,"column":16},"end":{"line":21,"column":22}},"loc":{"start":{"line":21,"column":72},"end":{"line":23,"column":1}}},"1":{"name":"(anonymous_8)","decl":{"start":{"line":22,"column":62},"end":{"line":22,"column":63}},"loc":{"start":{"line":22,"column":63},"end":{"line":22,"column":68}}},"2":{"name":"nullable","decl":{"start":{"line":24,"column":16},"end":{"line":24,"column":24}},"loc":{"start":{"line":24,"column":55},"end":{"line":26,"column":1}}},"3":{"name":"RequiredField","decl":{"start":{"line":45,"column":16},"end":{"line":45,"column":29}},"loc":{"start":{"line":45,"column":96},"end":{"line":47,"column":1}}},"4":{"name":"OptionalField","decl":{"start":{"line":48,"column":16},"end":{"line":48,"column":29}},"loc":{"start":{"line":48,"column":96},"end":{"line":50,"column":1}}},"5":{"name":"fieldValidationIssues","decl":{"start":{"line":73,"column":16},"end":{"line":73,"column":37}},"loc":{"start":{"line":73,"column":76},"end":{"line":80,"column":1}}},"6":{"name":"paramsValidationIssues","decl":{"start":{"line":87,"column":16},"end":{"line":87,"column":38}},"loc":{"start":{"line":87,"column":174},"end":{"line":106,"column":1}}},"7":{"name":"(anonymous_14)","decl":{"start":{"line":94,"column":86},"end":{"line":94,"column":87}},"loc":{"start":{"line":94,"column":87},"end":{"line":94,"column":95}}}},"branchMap":{"0":{"loc":{"start":{"line":75,"column":4},"end":{"line":79,"column":null}},"type":"if","locations":[{"start":{"line":75,"column":4},"end":{"line":79,"column":null}},{"start":{"line":77,"column":11},"end":{"line":79,"column":null}}]},"1":{"loc":{"start":{"line":87,"column":117},"end":{"line":87,"column":null}},"type":"if","locations":[{"start":{"line":87,"column":117},"end":{"line":87,"column":null}}]},"2":{"loc":{"start":{"line":91,"column":8},"end":{"line":98,"column":null}},"type":"if","locations":[{"start":{"line":91,"column":8},"end":{"line":98,"column":null}},{"start":{"line":95,"column":15},"end":{"line":98,"column":null}}]},"3":{"loc":{"start":{"line":94,"column":12},"end":{"line":94,"column":102}},"type":"if","locations":[{"start":{"line":94,"column":12},"end":{"line":94,"column":102}}]},"4":{"loc":{"start":{"line":96,"column":12},"end":{"line":96,"column":83}},"type":"if","locations":[{"start":{"line":96,"column":12},"end":{"line":96,"column":83}}]},"5":{"loc":{"start":{"line":97,"column":12},"end":{"line":97,"column":84}},"type":"if","locations":[{"start":{"line":97,"column":12},"end":{"line":97,"column":84}}]},"6":{"loc":{"start":{"line":100,"column":4},"end":{"line":104,"column":null}},"type":"if","locations":[{"start":{"line":100,"column":4},"end":{"line":104,"column":null}}]},"7":{"loc":{"start":{"line":102,"column":12},"end":{"line":102,"column":84}},"type":"if","locations":[{"start":{"line":102,"column":12},"end":{"line":102,"column":84}}]}},"s":{"0":1,"1":1,"2":1,"3":1,"4":1,"5":1,"6":1,"7":1,"8":1,"9":8,"10":2,"11":4,"12":1,"13":1,"14":1,"15":8,"16":1,"17":2,"18":1,"19":81,"20":81,"21":58,"22":23,"23":1,"24":18,"25":17,"26":56,"27":56,"28":41,"29":41,"30":41,"31":2,"32":2,"33":15,"34":2,"35":13,"36":4,"37":9,"38":7,"39":24,"40":2,"41":7,"42":1},"f":{"0":2,"1":4,"2":1,"3":8,"4":2,"5":81,"6":17,"7":2},"b":{"0":[58,23],"1":[1],"2":[41,15],"3":[2],"4":[2],"5":[4],"6":[7],"7":[2]}}
}
