TN:
SF:src/app-model/mvs-extension/tree/generic/params-schema.ts
FN:21,choice
FN:22,(anonymous_8)
FN:24,nullable
FN:45,RequiredField
FN:48,OptionalField
FN:73,fieldValidationIssues
FN:87,paramsValidationIssues
FN:94,(anonymous_14)
FNF:8
FNH:8
FNDA:2,choice
FNDA:4,(anonymous_8)
FNDA:1,nullable
FNDA:8,RequiredField
FNDA:2,OptionalField
FNDA:81,fieldValidationIssues
FNDA:17,paramsValidationIssues
FNDA:2,(anonymous_14)
DA:7,1
DA:8,1
DA:13,1
DA:14,1
DA:15,1
DA:16,1
DA:17,1
DA:18,1
DA:19,1
DA:21,8
DA:22,4
DA:24,1
DA:25,1
DA:45,1
DA:46,8
DA:48,1
DA:49,2
DA:73,1
DA:74,81
DA:75,81
DA:76,58
DA:78,23
DA:87,18
DA:89,17
DA:90,56
DA:91,56
DA:92,41
DA:93,41
DA:94,41
DA:96,15
DA:97,13
DA:100,9
DA:101,7
DA:102,24
DA:105,7
LF:35
LH:35
BRDA:75,0,0,58
BRDA:75,0,1,23
BRDA:87,1,0,1
BRDA:91,2,0,41
BRDA:91,2,1,15
BRDA:94,3,0,2
BRDA:96,4,0,2
BRDA:97,5,0,4
BRDA:100,6,0,7
BRDA:102,7,0,2
BRF:10
BRH:10
end_of_record
